


ARM Macro Assembler    Page 1 


    1 00000000         ; <<< Use Configuration Wizard in Context Menu >>>
    2 00000000         ;*******************************************************
                       ***********************
    3 00000000         ;
    4 00000000         ; startup_rvmdk.S - Startup code for use with Keil's uVi
                       sion.
    5 00000000         ;
    6 00000000         ; Copyright (c) 2014 Texas Instruments Incorporated.  Al
                       l rights reserved.
    7 00000000         ; Software License Agreement
    8 00000000         ;
    9 00000000         ; Texas Instruments (TI) is supplying this software for 
                       use solely and
   10 00000000         ; exclusively on TI's microcontroller products. The soft
                       ware is owned by
   11 00000000         ; TI and/or its suppliers, and is protected under applic
                       able copyright
   12 00000000         ; laws. You may not combine this software with "viral" o
                       pen-source
   13 00000000         ; software in order to form a larger program.
   14 00000000         ;
   15 00000000         ; THIS SOFTWARE IS PROVIDED "AS IS" AND WITH ALL FAULTS.
                       
   16 00000000         ; NO WARRANTIES, WHETHER EXPRESS, IMPLIED OR STATUTORY, 
                       INCLUDING, BUT
   17 00000000         ; NOT LIMITED TO, IMPLIED WARRANTIES OF MERCHANTABILITY 
                       AND FITNESS FOR
   18 00000000         ; A PARTICULAR PURPOSE APPLY TO THIS SOFTWARE. TI SHALL 
                       NOT, UNDER ANY
   19 00000000         ; CIRCUMSTANCES, BE LIABLE FOR SPECIAL, INCIDENTAL, OR C
                       ONSEQUENTIAL
   20 00000000         ; DAMAGES, FOR ANY REASON WHATSOEVER.
   21 00000000         ;
   22 00000000         ; This is part of revision 2.1.0.12573 of the EK-TM4C129
                       4XL Firmware Package.
   23 00000000         ;
   24 00000000         ;*******************************************************
                       ***********************
   25 00000000         ;*******************************************************
                       ***********************
   26 00000000         ;
   27 00000000         ; <o> Stack Size (in Bytes) <0x0-0xFFFFFFFF:8>
   28 00000000         ;
   29 00000000         ;*******************************************************
                       ***********************
   30 00000000 00000400 
                       Stack   EQU              0x00000400
   31 00000000         
   32 00000000         ;*******************************************************
                       ***********************
   33 00000000         ;
   34 00000000         ; <o> Heap Size (in Bytes) <0x0-0xFFFFFFFF:8>
   35 00000000         ;
   36 00000000         ;*******************************************************
                       ***********************
   37 00000000 00000000 
                       Heap    EQU              0x00000000
   38 00000000         
   39 00000000         ;*******************************************************



ARM Macro Assembler    Page 2 


                       ***********************
   40 00000000         ;
   41 00000000         ; Allocate space for the stack.
   42 00000000         ;
   43 00000000         ;*******************************************************
                       ***********************
   44 00000000                 AREA             STACK, NOINIT, READWRITE, ALIGN
=3
   45 00000000         StackMem
   46 00000000                 SPACE            Stack
   47 00000400         __initial_sp
   48 00000400         
   49 00000400         ;*******************************************************
                       ***********************
   50 00000400         ;
   51 00000400         ; Allocate space for the heap.
   52 00000400         ;
   53 00000400         ;*******************************************************
                       ***********************
   54 00000400                 AREA             HEAP, NOINIT, READWRITE, ALIGN=
3
   55 00000000         __heap_base
   56 00000000         HeapMem
   57 00000000                 SPACE            Heap
   58 00000000         __heap_limit
   59 00000000         
   60 00000000         ;*******************************************************
                       ***********************
   61 00000000         ;
   62 00000000         ; Indicate that the code in this file preserves 8-byte a
                       lignment of the stack.
   63 00000000         ;
   64 00000000         ;*******************************************************
                       ***********************
   65 00000000                 PRESERVE8
   66 00000000         
   67 00000000         ;*******************************************************
                       ***********************
   68 00000000         ;
   69 00000000         ; Place code into the reset code section.
   70 00000000         ;
   71 00000000         ;*******************************************************
                       ***********************
   72 00000000                 AREA             RESET, CODE, READONLY
   73 00000000                 THUMB
   74 00000000         
   75 00000000         ;*******************************************************
                       ***********************
   76 00000000         ;
   77 00000000         ; The vector table.
   78 00000000         ;
   79 00000000         ;*******************************************************
                       ***********************
   80 00000000                 EXPORT           __Vectors
   81 00000000         __Vectors
   82 00000000 00000400        DCD              StackMem + Stack 
                                                            ;   0) Top of Stack
                                                            
   83 00000004 00000000        DCD              Reset_Handler ;   1) Reset Hand



ARM Macro Assembler    Page 3 


                                                            ler
   84 00000008 00000000        DCD              NMI_Handler ;   2) NMI Handler
   85 0000000C 00000000        DCD              HardFault_Handler ;   3) Hard F
                                                            ault Handler
   86 00000010 00000000        DCD              MemManage_Handler ;   4) MPU Fa
                                                            ult Handler
   87 00000014 00000000        DCD              BusFault_Handler ;   5) Bus Fau
                                                            lt Handler
   88 00000018 00000000        DCD              UsageFault_Handler ;   6) Usage
                                                             Fault Handler
   89 0000001C 00000000        DCD              0           ;   7) Reserved
   90 00000020 00000000        DCD              0           ;   8) Reserved
   91 00000024 00000000        DCD              0           ;   9) Reserved
   92 00000028 00000000        DCD              0           ;  10) Reserved
   93 0000002C 00000000        DCD              SVC_Handler ;  11) SVCall Handl
                                                            er
   94 00000030 00000000        DCD              DebugMon_Handler ;  12) Debug M
                                                            onitor Handler
   95 00000034 00000000        DCD              0           ;  13) Reserved
   96 00000038 00000000        DCD              PendSV_Handler ;  14) PendSV Ha
                                                            ndler
   97 0000003C 00000000        DCD              SysTick_Handler ;  15) SysTick 
                                                            Handler
   98 00000040 00000000        DCD              GPIOPortA_Handler 
                                                            ;  16) GPIO Port A
   99 00000044 00000000        DCD              GPIOPortB_Handler 
                                                            ;  17) GPIO Port B
  100 00000048 00000000        DCD              GPIOPortC_Handler 
                                                            ;  18) GPIO Port C
  101 0000004C 00000000        DCD              GPIOPortD_Handler 
                                                            ;  19) GPIO Port D
  102 00000050 00000000        DCD              GPIOPortE_Handler 
                                                            ;  20) GPIO Port E
  103 00000054 00000000        DCD              UART0_Handler ;  21) UART0 Rx a
                                                            nd Tx
  104 00000058 00000000        DCD              UART1_Handler ;  22) UART1 Rx a
                                                            nd Tx
  105 0000005C 00000000        DCD              SSI0_Handler ;  23) SSI0 Rx and
                                                             Tx
  106 00000060 00000000        DCD              I2C0_Handler ;  24) I2C0 Master
                                                             and Slave
  107 00000064 00000000        DCD              PWM0Fault_Handler 
                                                            ;  25) PWM 0 Fault
  108 00000068 00000000        DCD              PWM0Generator0_Handler ;  26) P
                                                            WM 0 Generator 0
  109 0000006C 00000000        DCD              PWM0Generator1_Handler ;  27) P
                                                            WM 0 Generator 1
  110 00000070 00000000        DCD              PWM0Generator2_Handler ;  28) P
                                                            WM 0 Generator 2
  111 00000074 00000000        DCD              Quadrature0_Handler ;  29) Quad
                                                            rature Encoder 0
  112 00000078 00000000        DCD              ADC0Seq0_Handler ;  30) ADC0 Se
                                                            quence 0
  113 0000007C 00000000        DCD              ADC0Seq1_Handler ;  31) ADC0 Se
                                                            quence 1
  114 00000080 00000000        DCD              ADC0Seq2_Handler ;  32) ADC0 Se
                                                            quence 2
  115 00000084 00000000        DCD              ADC0Seq3_Handler ;  33) ADC0 Se
                                                            quence 3



ARM Macro Assembler    Page 4 


  116 00000088 00000000        DCD              WDT_Handler ;  34) Watchdog Tim
                                                            ers 0 and 1
  117 0000008C 00000000        DCD              Timer0A_Handler ;  35) Timer 0 
                                                            subtimer A
  118 00000090 00000000        DCD              Timer0B_Handler ;  36) Timer 0 
                                                            subtimer B
  119 00000094 00000000        DCD              Timer1A_Handler ;  37) Timer 1 
                                                            subtimer A
  120 00000098 00000000        DCD              Timer1B_Handler ;  38) Timer 1 
                                                            subtimer B
  121 0000009C 00000000        DCD              Timer2A_Handler ;  39) Timer 2 
                                                            subtimer A
  122 000000A0 00000000        DCD              Timer2B_Handler ;  40) Timer 2 
                                                            subtimer B
  123 000000A4 00000000        DCD              Comp0_Handler ;  41) Analog Com
                                                            p 0
  124 000000A8 00000000        DCD              Comp1_Handler ;  42) Analog Com
                                                            p 1
  125 000000AC 00000000        DCD              Comp2_Handler ;  43) Analog Com
                                                            p 2
  126 000000B0 00000000        DCD              SysCtl_Handler ;  44) System Co
                                                            ntrol (PLL, OSC, BO
                                                            )
  127 000000B4 00000000        DCD              FlashCtl_Handler ;  45) Flash C
                                                            ontrol
  128 000000B8 00000000        DCD              GPIOPortF_Handler 
                                                            ;  46) GPIO Port F
  129 000000BC 00000000        DCD              GPIOPortG_Handler 
                                                            ;  47) GPIO Port G
  130 000000C0 00000000        DCD              GPIOPortH_Handler 
                                                            ;  48) GPIO Port H
  131 000000C4 00000000        DCD              UART2_Handler ;  49) UART2 Rx a
                                                            nd Tx
  132 000000C8 00000000        DCD              SSI1_Handler ;  50) SSI1 Rx and
                                                             Tx
  133 000000CC 00000000        DCD              Timer3A_Handler ;  51) Timer 3 
                                                            subtimer A
  134 000000D0 00000000        DCD              Timer3B_Handler ;  52) Timer 3 
                                                            subtimer B
  135 000000D4 00000000        DCD              I2C1_Handler ;  53) I2C1 Master
                                                             and Slave
  136 000000D8 00000000        DCD              CAN0_Handler ;  54) CAN0
  137 000000DC 00000000        DCD              CAN1_Handler ;  55) CAN1
  138 000000E0 00000000        DCD              Ethernet_Handler 
                                                            ;  56) Ethernet
  139 000000E4 00000000        DCD              Hibernate_Handler 
                                                            ;  57) Hibernate
  140 000000E8 00000000        DCD              USB0_Handler ;  58) USB0
  141 000000EC 00000000        DCD              PWM0Generator3_Handler ;  59) P
                                                            WM 0 Generator 3
  142 000000F0 00000000        DCD              uDMA_Handler ;  60) uDMA Softwa
                                                            re Transfer
  143 000000F4 00000000        DCD              uDMA_Error  ;  61) uDMA Error
  144 000000F8 00000000        DCD              ADC1Seq0_Handler ;  62) ADC1 Se
                                                            quence 0
  145 000000FC 00000000        DCD              ADC1Seq1_Handler ;  63) ADC1 Se
                                                            quence 1
  146 00000100 00000000        DCD              ADC1Seq2_Handler ;  64) ADC1 Se
                                                            quence 2



ARM Macro Assembler    Page 5 


  147 00000104 00000000        DCD              ADC1Seq3_Handler ;  65) ADC1 Se
                                                            quence 3
  148 00000108 00000000        DCD              ExtBus_Handler ;  66) External 
                                                            Bus Interface 0
  149 0000010C 00000000        DCD              GPIOPortJ_Handler 
                                                            ;  67) GPIO Port J
  150 00000110 00000000        DCD              GPIOPortK_Handler 
                                                            ;  68) GPIO Port K
  151 00000114 00000000        DCD              GPIOPortL_Handler 
                                                            ;  69) GPIO Port L
  152 00000118 00000000        DCD              SSI2_Handler ;  70) SSI2 Rx and
                                                             Tx
  153 0000011C 00000000        DCD              SSI3_Handler ;  71) SSI3 Rx and
                                                             Tx
  154 00000120 00000000        DCD              UART3_Handler ;  72) UART3 Rx a
                                                            nd Tx
  155 00000124 00000000        DCD              UART4_Handler ;  73) UART4 Rx a
                                                            nd Tx
  156 00000128 00000000        DCD              UART5_Handler ;  74) UART5 Rx a
                                                            nd Tx
  157 0000012C 00000000        DCD              UART6_Handler ;  75) UART6 Rx a
                                                            nd Tx
  158 00000130 00000000        DCD              UART7_Handler ;  76) UART7 Rx a
                                                            nd Tx
  159 00000134 00000000        DCD              I2C2_Handler ;  77) I2C2 Master
                                                             and Slave
  160 00000138 00000000        DCD              I2C3_Handler ;  78) I2C3 Master
                                                             and Slave
  161 0000013C 00000000        DCD              Timer4A_Handler ;  79) Timer 4 
                                                            subtimer A
  162 00000140 00000000        DCD              Timer4B_Handler ;  80) Timer 4 
                                                            subtimer B
  163 00000144 00000000        DCD              Timer5A_Handler ;  81) Timer 5 
                                                            subtimer A
  164 00000148 00000000        DCD              Timer5B_Handler ;  82) Timer 5 
                                                            subtimer B
  165 0000014C 00000000        DCD              FPU_Handler ;  83) Floating-Poi
                                                            nt Exception (impre
                                                            cise)
  166 00000150 00000000        DCD              0           ;  84) Reserved
  167 00000154 00000000        DCD              0           ;  85) Reserved
  168 00000158 00000000        DCD              I2C4_Handler ;  86) I2C4 Master
                                                             and Slave
  169 0000015C 00000000        DCD              I2C5_Handler ;  87) I2C5 Master
                                                             and Slave
  170 00000160 00000000        DCD              GPIOPortM_Handler 
                                                            ;  88) GPIO Port M
  171 00000164 00000000        DCD              GPIOPortN_Handler 
                                                            ;  89) GPIO Port N
  172 00000168 00000000        DCD              0           ;  90) Reserved
  173 0000016C 00000000        DCD              Tamper_Handler ;  91) Tamper
  174 00000170 00000000        DCD              GPIOPortP_Handler ;  92) GPIO P
                                                            ort P (Summary or P
                                                            0)
  175 00000174 00000000        DCD              GPIOPortP1_Handler 
                                                            ;  93) GPIO Port P1
                                                            
  176 00000178 00000000        DCD              GPIOPortP2_Handler 
                                                            ;  94) GPIO Port P2



ARM Macro Assembler    Page 6 


                                                            
  177 0000017C 00000000        DCD              GPIOPortP3_Handler 
                                                            ;  95) GPIO Port P3
                                                            
  178 00000180 00000000        DCD              GPIOPortP4_Handler 
                                                            ;  96) GPIO Port P4
                                                            
  179 00000184 00000000        DCD              GPIOPortP5_Handler 
                                                            ;  97) GPIO Port P5
                                                            
  180 00000188 00000000        DCD              GPIOPortP6_Handler 
                                                            ;  98) GPIO Port P6
                                                            
  181 0000018C 00000000        DCD              GPIOPortP7_Handler 
                                                            ;  99) GPIO Port P7
                                                            
  182 00000190 00000000        DCD              GPIOPortQ_Handler ; 100) GPIO P
                                                            ort Q (Summary or Q
                                                            0)
  183 00000194 00000000        DCD              GPIOPortQ1_Handler 
                                                            ; 101) GPIO Port Q1
                                                            
  184 00000198 00000000        DCD              GPIOPortQ2_Handler 
                                                            ; 102) GPIO Port Q2
                                                            
  185 0000019C 00000000        DCD              GPIOPortQ3_Handler 
                                                            ; 103) GPIO Port Q3
                                                            
  186 000001A0 00000000        DCD              GPIOPortQ4_Handler 
                                                            ; 104) GPIO Port Q4
                                                            
  187 000001A4 00000000        DCD              GPIOPortQ5_Handler 
                                                            ; 105) GPIO Port Q5
                                                            
  188 000001A8 00000000        DCD              GPIOPortQ6_Handler 
                                                            ; 106) GPIO Port Q6
                                                            
  189 000001AC 00000000        DCD              GPIOPortQ7_Handler 
                                                            ; 107) GPIO Port Q7
                                                            
  190 000001B0 00000000        DCD              0           ; 108) Reserved
  191 000001B4 00000000        DCD              0           ; 109) Reserved
  192 000001B8 00000000        DCD              0           ; 110) Reserved
  193 000001BC 00000000        DCD              0           ; 111) Reserved
  194 000001C0 00000000        DCD              0           ; 112) Reserved
  195 000001C4 00000000        DCD              0           ; 113) Reserved
  196 000001C8 00000000        DCD              Timer6A_Handler ; 114) Timer 6 
                                                            subtimer A
  197 000001CC 00000000        DCD              Timer6B_Handler ; 115) Timer 6 
                                                            subtimer B
  198 000001D0 00000000        DCD              Timer7A_Handler ; 116) Timer 7 
                                                            subtimer A
  199 000001D4 00000000        DCD              Timer7B_Handler ; 117) Timer 7 
                                                            subtimer B
  200 000001D8 00000000        DCD              I2C6_Handler ; 118) I2C6 Master
                                                             and Slave
  201 000001DC 00000000        DCD              I2C7_Handler ; 119) I2C7 Master
                                                             and Slave
  202 000001E0 00000000        DCD              0           ; 120) Reserved



ARM Macro Assembler    Page 7 


  203 000001E4 00000000        DCD              0           ; 121) Reserved
  204 000001E8 00000000        DCD              0           ; 122) Reserved
  205 000001EC 00000000        DCD              0           ; 123) Reserved
  206 000001F0 00000000        DCD              0           ; 124) Reserved
  207 000001F4 00000000        DCD              I2C8_Handler ; 125) I2C8 Master
                                                             and Slave
  208 000001F8 00000000        DCD              I2C9_Handler ; 126) I2C9 Master
                                                             and Slave
  209 000001FC 00000000        DCD              0           ; 127) Reserved
  210 00000200 00000000        DCD              0           ; 128) Reserved
  211 00000204 00000000        DCD              0           ; 129) Reserved
  212 00000208         
  213 00000208         ;*******************************************************
                       ***********************
  214 00000208         ;
  215 00000208         ; This is the code that gets called when the processor f
                       irst starts execution
  216 00000208         ; following a reset event.
  217 00000208         ;
  218 00000208         ;*******************************************************
                       ***********************
  219 00000208                 EXPORT           Reset_Handler
  220 00000208         Reset_Handler
  221 00000208         ;
  222 00000208         ; Do not enable the floating-point unit.  Un-comment thi
                       s to handle the
  223 00000208         ; case where main() uses floating-point and the function
                        prologue saves
  224 00000208         ; floating-point registers (which will fault if floating
                       -point is not
  225 00000208         ; enabled).  Any configuration of the floating-point uni
                       t using
  226 00000208         ; DriverLib APIs must be done here prior to the floating
                       -point unit
  227 00000208         ; being enabled.
  228 00000208         ;
  229 00000208         ; Note that this does not use DriverLib since it might n
                       ot be included
  230 00000208         ; in this project.
  231 00000208         ;
  232 00000208         ;        MOVW    R0, #0xED88
  233 00000208         ;        MOVT    R0, #0xE000
  234 00000208         ;        LDR     R1, [R0]
  235 00000208         ;        ORR     R1, #0x00F00000
  236 00000208         ;        STR     R1, [R0]
  237 00000208         
  238 00000208         ;
  239 00000208         ; Call the C library enty point that handles startup.  T
                       his will copy
  240 00000208         ; the .data section initializers from flash to SRAM and 
                       zero fill the
  241 00000208         ; .bss section.
  242 00000208         ;
  243 00000208                 IMPORT           Start
  244 00000208 F7FF BFFE       B                Start       ;call user assembly
                                                             language program
  245 0000020C         
  246 0000020C         ;*******************************************************
                       ***********************



ARM Macro Assembler    Page 8 


  247 0000020C         ;
  248 0000020C         ; This is the code that gets called when the processor r
                       eceives a NMI.  This
  249 0000020C         ; simply enters an infinite loop, preserving the system 
                       state for examination
  250 0000020C         ; by a debugger.
  251 0000020C         ;
  252 0000020C         ;*******************************************************
                       ***********************
  253 0000020C         NMI_Handler
                               PROC
  254 0000020C                 EXPORT           NMI_Handler               [WEAK
]
  255 0000020C E7FE            B                .
  256 0000020E                 ENDP
  257 0000020E         
  258 0000020E         ;*******************************************************
                       ***********************
  259 0000020E         ;
  260 0000020E         ; This is the code that gets called when the processor r
                       eceives a fault
  261 0000020E         ; interrupt.  This simply enters an infinite loop, prese
                       rving the system state
  262 0000020E         ; for examination by a debugger.
  263 0000020E         ;
  264 0000020E         ;*******************************************************
                       ***********************
  266 0000020E         HardFault_Handler
                               PROC
  267 0000020E                 EXPORT           HardFault_Handler         [WEAK
]
  268 0000020E E7FE            B                .
  269 00000210                 ENDP
  270 00000210         
  272 00000210         MemManage_Handler
                               PROC
  273 00000210                 EXPORT           MemManage_Handler         [WEAK
]
  274 00000210 E7FE            B                .
  275 00000212                 ENDP
  277 00000212         BusFault_Handler
                               PROC
  278 00000212                 EXPORT           BusFault_Handler          [WEAK
]
  279 00000212 E7FE            B                .
  280 00000214                 ENDP
  282 00000214         UsageFault_Handler
                               PROC
  283 00000214                 EXPORT           UsageFault_Handler        [WEAK
]
  284 00000214 E7FE            B                .
  285 00000216                 ENDP
  286 00000216         SVC_Handler
                               PROC
  287 00000216                 EXPORT           SVC_Handler               [WEAK
]
  288 00000216 E7FE            B                .
  289 00000218                 ENDP
  291 00000218         DebugMon_Handler



ARM Macro Assembler    Page 9 


                               PROC
  292 00000218                 EXPORT           DebugMon_Handler          [WEAK
]
  293 00000218 E7FE            B                .
  294 0000021A                 ENDP
  295 0000021A         PendSV_Handler
                               PROC
  296 0000021A                 EXPORT           PendSV_Handler            [WEAK
]
  297 0000021A E7FE            B                .
  298 0000021C                 ENDP
  299 0000021C         SysTick_Handler
                               PROC
  300 0000021C                 EXPORT           SysTick_Handler           [WEAK
]
  301 0000021C E7FE            B                .
  302 0000021E                 ENDP
  304 0000021E         IntDefaultHandler
                               PROC
  305 0000021E         
  306 0000021E                 EXPORT           GPIOPortA_Handler         [WEAK
]
  307 0000021E                 EXPORT           GPIOPortB_Handler         [WEAK
]
  308 0000021E                 EXPORT           GPIOPortC_Handler         [WEAK
]
  309 0000021E                 EXPORT           GPIOPortD_Handler         [WEAK
]
  310 0000021E                 EXPORT           GPIOPortE_Handler         [WEAK
]
  311 0000021E                 EXPORT           UART0_Handler             [WEAK
]
  312 0000021E                 EXPORT           UART1_Handler             [WEAK
]
  313 0000021E                 EXPORT           SSI0_Handler              [WEAK
]
  314 0000021E                 EXPORT           I2C0_Handler              [WEAK
]
  315 0000021E                 EXPORT           PWM0Fault_Handler         [WEAK
]
  316 0000021E                 EXPORT           PWM0Generator0_Handler    [WEAK
]
  317 0000021E                 EXPORT           PWM0Generator1_Handler    [WEAK
]
  318 0000021E                 EXPORT           PWM0Generator2_Handler    [WEAK
]
  319 0000021E                 EXPORT           Quadrature0_Handler       [WEAK
]
  320 0000021E                 EXPORT           ADC0Seq0_Handler          [WEAK
]
  321 0000021E                 EXPORT           ADC0Seq1_Handler          [WEAK
]
  322 0000021E                 EXPORT           ADC0Seq2_Handler          [WEAK
]
  323 0000021E                 EXPORT           ADC0Seq3_Handler          [WEAK
]
  324 0000021E                 EXPORT           WDT_Handler               [WEAK
]
  325 0000021E                 EXPORT           Timer0A_Handler           [WEAK



ARM Macro Assembler    Page 10 


]
  326 0000021E                 EXPORT           Timer0B_Handler           [WEAK
]
  327 0000021E                 EXPORT           Timer1A_Handler           [WEAK
]
  328 0000021E                 EXPORT           Timer1B_Handler           [WEAK
]
  329 0000021E                 EXPORT           Timer2A_Handler           [WEAK
]
  330 0000021E                 EXPORT           Timer2B_Handler           [WEAK
]
  331 0000021E                 EXPORT           Comp0_Handler             [WEAK
]
  332 0000021E                 EXPORT           Comp1_Handler             [WEAK
]
  333 0000021E                 EXPORT           Comp2_Handler             [WEAK
]
  334 0000021E                 EXPORT           SysCtl_Handler            [WEAK
]
  335 0000021E                 EXPORT           FlashCtl_Handler          [WEAK
]
  336 0000021E                 EXPORT           GPIOPortF_Handler         [WEAK
]
  337 0000021E                 EXPORT           GPIOPortG_Handler         [WEAK
]
  338 0000021E                 EXPORT           GPIOPortH_Handler         [WEAK
]
  339 0000021E                 EXPORT           UART2_Handler             [WEAK
]
  340 0000021E                 EXPORT           SSI1_Handler              [WEAK
]
  341 0000021E                 EXPORT           Timer3A_Handler           [WEAK
]
  342 0000021E                 EXPORT           Timer3B_Handler           [WEAK
]
  343 0000021E                 EXPORT           I2C1_Handler              [WEAK
]
  344 0000021E                 EXPORT           CAN0_Handler              [WEAK
]
  345 0000021E                 EXPORT           CAN1_Handler              [WEAK
]
  346 0000021E                 EXPORT           Ethernet_Handler          [WEAK
]
  347 0000021E                 EXPORT           Hibernate_Handler         [WEAK
]
  348 0000021E                 EXPORT           USB0_Handler              [WEAK
]
  349 0000021E                 EXPORT           PWM0Generator3_Handler    [WEAK
]
  350 0000021E                 EXPORT           uDMA_Handler              [WEAK
]
  351 0000021E                 EXPORT           uDMA_Error                [WEAK
]
  352 0000021E                 EXPORT           ADC1Seq0_Handler          [WEAK
]
  353 0000021E                 EXPORT           ADC1Seq1_Handler          [WEAK
]
  354 0000021E                 EXPORT           ADC1Seq2_Handler          [WEAK
]



ARM Macro Assembler    Page 11 


  355 0000021E                 EXPORT           ADC1Seq3_Handler          [WEAK
]
  356 0000021E                 EXPORT           ExtBus_Handler            [WEAK
]
  357 0000021E                 EXPORT           GPIOPortJ_Handler         [WEAK
]
  358 0000021E                 EXPORT           GPIOPortK_Handler         [WEAK
]
  359 0000021E                 EXPORT           GPIOPortL_Handler         [WEAK
]
  360 0000021E                 EXPORT           SSI2_Handler              [WEAK
]
  361 0000021E                 EXPORT           SSI3_Handler              [WEAK
]
  362 0000021E                 EXPORT           UART3_Handler             [WEAK
]
  363 0000021E                 EXPORT           UART4_Handler             [WEAK
]
  364 0000021E                 EXPORT           UART5_Handler             [WEAK
]
  365 0000021E                 EXPORT           UART6_Handler             [WEAK
]
  366 0000021E                 EXPORT           UART7_Handler             [WEAK
]
  367 0000021E                 EXPORT           I2C2_Handler              [WEAK
]
  368 0000021E                 EXPORT           I2C3_Handler              [WEAK
]
  369 0000021E                 EXPORT           Timer4A_Handler           [WEAK
]
  370 0000021E                 EXPORT           Timer4B_Handler           [WEAK
]
  371 0000021E                 EXPORT           Timer5A_Handler           [WEAK
]
  372 0000021E                 EXPORT           Timer5B_Handler           [WEAK
]
  373 0000021E                 EXPORT           FPU_Handler               [WEAK
]
  374 0000021E                 EXPORT           I2C4_Handler              [WEAK
]
  375 0000021E                 EXPORT           I2C5_Handler              [WEAK
]
  376 0000021E                 EXPORT           GPIOPortM_Handler         [WEAK
]
  377 0000021E                 EXPORT           GPIOPortN_Handler         [WEAK
]
  378 0000021E                 EXPORT           Tamper_Handler            [WEAK
]
  379 0000021E                 EXPORT           GPIOPortP_Handler         [WEAK
]
  380 0000021E                 EXPORT           GPIOPortP1_Handler        [WEAK
]
  381 0000021E                 EXPORT           GPIOPortP2_Handler        [WEAK
]
  382 0000021E                 EXPORT           GPIOPortP3_Handler        [WEAK
]
  383 0000021E                 EXPORT           GPIOPortP4_Handler        [WEAK
]
  384 0000021E                 EXPORT           GPIOPortP5_Handler        [WEAK



ARM Macro Assembler    Page 12 


]
  385 0000021E                 EXPORT           GPIOPortP6_Handler        [WEAK
]
  386 0000021E                 EXPORT           GPIOPortP7_Handler        [WEAK
]
  387 0000021E                 EXPORT           GPIOPortQ_Handler         [WEAK
]
  388 0000021E                 EXPORT           GPIOPortQ1_Handler        [WEAK
]
  389 0000021E                 EXPORT           GPIOPortQ2_Handler        [WEAK
]
  390 0000021E                 EXPORT           GPIOPortQ3_Handler        [WEAK
]
  391 0000021E                 EXPORT           GPIOPortQ4_Handler        [WEAK
]
  392 0000021E                 EXPORT           GPIOPortQ5_Handler        [WEAK
]
  393 0000021E                 EXPORT           GPIOPortQ6_Handler        [WEAK
]
  394 0000021E                 EXPORT           GPIOPortQ7_Handler        [WEAK
]
  395 0000021E                 EXPORT           Timer6A_Handler           [WEAK
]
  396 0000021E                 EXPORT           Timer6B_Handler           [WEAK
]
  397 0000021E                 EXPORT           Timer7A_Handler           [WEAK
]
  398 0000021E                 EXPORT           Timer7B_Handler           [WEAK
]
  399 0000021E                 EXPORT           I2C6_Handler              [WEAK
]
  400 0000021E                 EXPORT           I2C7_Handler              [WEAK
]
  401 0000021E                 EXPORT           I2C8_Handler              [WEAK
]
  402 0000021E                 EXPORT           I2C9_Handler              [WEAK
]
  403 0000021E         
  404 0000021E         GPIOPortA_Handler
  405 0000021E         GPIOPortB_Handler
  406 0000021E         GPIOPortC_Handler
  407 0000021E         GPIOPortD_Handler
  408 0000021E         GPIOPortE_Handler
  409 0000021E         UART0_Handler
  410 0000021E         UART1_Handler
  411 0000021E         SSI0_Handler
  412 0000021E         I2C0_Handler
  413 0000021E         PWM0Fault_Handler
  414 0000021E         PWM0Generator0_Handler
  415 0000021E         PWM0Generator1_Handler
  416 0000021E         PWM0Generator2_Handler
  417 0000021E         Quadrature0_Handler
  418 0000021E         ADC0Seq0_Handler
  419 0000021E         ADC0Seq1_Handler
  420 0000021E         ADC0Seq2_Handler
  421 0000021E         ADC0Seq3_Handler
  422 0000021E         WDT_Handler
  423 0000021E         Timer0A_Handler
  424 0000021E         Timer0B_Handler



ARM Macro Assembler    Page 13 


  425 0000021E         Timer1A_Handler
  426 0000021E         Timer1B_Handler
  427 0000021E         Timer2A_Handler
  428 0000021E         Timer2B_Handler
  429 0000021E         Comp0_Handler
  430 0000021E         Comp1_Handler
  431 0000021E         Comp2_Handler
  432 0000021E         SysCtl_Handler
  433 0000021E         FlashCtl_Handler
  434 0000021E         GPIOPortF_Handler
  435 0000021E         GPIOPortG_Handler
  436 0000021E         GPIOPortH_Handler
  437 0000021E         UART2_Handler
  438 0000021E         SSI1_Handler
  439 0000021E         Timer3A_Handler
  440 0000021E         Timer3B_Handler
  441 0000021E         I2C1_Handler
  442 0000021E         CAN0_Handler
  443 0000021E         CAN1_Handler
  444 0000021E         Ethernet_Handler
  445 0000021E         Hibernate_Handler
  446 0000021E         USB0_Handler
  447 0000021E         PWM0Generator3_Handler
  448 0000021E         uDMA_Handler
  449 0000021E         uDMA_Error
  450 0000021E         ADC1Seq0_Handler
  451 0000021E         ADC1Seq1_Handler
  452 0000021E         ADC1Seq2_Handler
  453 0000021E         ADC1Seq3_Handler
  454 0000021E         ExtBus_Handler
  455 0000021E         GPIOPortJ_Handler
  456 0000021E         GPIOPortK_Handler
  457 0000021E         GPIOPortL_Handler
  458 0000021E         SSI2_Handler
  459 0000021E         SSI3_Handler
  460 0000021E         UART3_Handler
  461 0000021E         UART4_Handler
  462 0000021E         UART5_Handler
  463 0000021E         UART6_Handler
  464 0000021E         UART7_Handler
  465 0000021E         I2C2_Handler
  466 0000021E         I2C3_Handler
  467 0000021E         Timer4A_Handler
  468 0000021E         Timer4B_Handler
  469 0000021E         Timer5A_Handler
  470 0000021E         Timer5B_Handler
  471 0000021E         FPU_Handler
  472 0000021E         I2C4_Handler
  473 0000021E         I2C5_Handler
  474 0000021E         GPIOPortM_Handler
  475 0000021E         GPIOPortN_Handler
  476 0000021E         Tamper_Handler
  477 0000021E         GPIOPortP_Handler
  478 0000021E         GPIOPortP1_Handler
  479 0000021E         GPIOPortP2_Handler
  480 0000021E         GPIOPortP3_Handler
  481 0000021E         GPIOPortP4_Handler
  482 0000021E         GPIOPortP5_Handler
  483 0000021E         GPIOPortP6_Handler



ARM Macro Assembler    Page 14 


  484 0000021E         GPIOPortP7_Handler
  485 0000021E         GPIOPortQ_Handler
  486 0000021E         GPIOPortQ1_Handler
  487 0000021E         GPIOPortQ2_Handler
  488 0000021E         GPIOPortQ3_Handler
  489 0000021E         GPIOPortQ4_Handler
  490 0000021E         GPIOPortQ5_Handler
  491 0000021E         GPIOPortQ6_Handler
  492 0000021E         GPIOPortQ7_Handler
  493 0000021E         Timer6A_Handler
  494 0000021E         Timer6B_Handler
  495 0000021E         Timer7A_Handler
  496 0000021E         Timer7B_Handler
  497 0000021E         I2C6_Handler
  498 0000021E         I2C7_Handler
  499 0000021E         I2C8_Handler
  500 0000021E         I2C9_Handler
  501 0000021E         
  502 0000021E E7FE            B                .
  503 00000220         
  504 00000220                 ENDP
  505 00000220         
  506 00000220         ;*******************************************************
                       ***********************
  507 00000220         ;
  508 00000220         ; Make sure the end of this section is aligned.
  509 00000220         ;
  510 00000220         ;*******************************************************
                       ***********************
  511 00000220                 ALIGN
  512 00000220         
  513 00000220         ;*******************************************************
                       ***********************
  514 00000220         ;
  515 00000220         ; Some code in the normal code section for initializing 
                       the heap and stack.
  516 00000220         ;
  517 00000220         ;*******************************************************
                       ***********************
  518 00000220                 AREA             |.text|, CODE, READONLY
  519 00000000         
  520 00000000         ;*******************************************************
                       ***********************
  521 00000000         ;
  522 00000000         ; Useful functions.
  523 00000000         ;
  524 00000000         ;*******************************************************
                       ***********************
  525 00000000                 EXPORT           DisableInterrupts
  526 00000000                 EXPORT           EnableInterrupts
  527 00000000                 EXPORT           StartCritical
  528 00000000                 EXPORT           EndCritical
  529 00000000                 EXPORT           WaitForInterrupt
  530 00000000         
  531 00000000         ;*********** DisableInterrupts ***************
  532 00000000         ; disable interrupts
  533 00000000         ; inputs:  none
  534 00000000         ; outputs: none
  535 00000000         DisableInterrupts



ARM Macro Assembler    Page 15 


  536 00000000 B672            CPSID            I
  537 00000002 4770            BX               LR
  538 00000004         
  539 00000004         ;*********** EnableInterrupts ***************
  540 00000004         ; disable interrupts
  541 00000004         ; inputs:  none
  542 00000004         ; outputs: none
  543 00000004         EnableInterrupts
  544 00000004 B662            CPSIE            I
  545 00000006 4770            BX               LR
  546 00000008         
  547 00000008         ;*********** StartCritical ************************
  548 00000008         ; make a copy of previous I bit, disable interrupts
  549 00000008         ; inputs:  none
  550 00000008         ; outputs: previous I bit
  551 00000008         StartCritical
  552 00000008 F3EF 8010       MRS              R0, PRIMASK ; save old status
  553 0000000C B672            CPSID            I           ; mask all (except 
                                                            faults)
  554 0000000E 4770            BX               LR
  555 00000010         
  556 00000010         ;*********** EndCritical ************************
  557 00000010         ; using the copy of previous I bit, restore I bit to pre
                       vious value
  558 00000010         ; inputs:  previous I bit
  559 00000010         ; outputs: none
  560 00000010         EndCritical
  561 00000010 F380 8810       MSR              PRIMASK, R0
  562 00000014 4770            BX               LR
  563 00000016         
  564 00000016         ;*********** WaitForInterrupt ************************
  565 00000016         ; go to low power mode while waiting for the next interr
                       upt
  566 00000016         ; inputs:  none
  567 00000016         ; outputs: none
  568 00000016         WaitForInterrupt
  569 00000016 BF30            WFI
  570 00000018 4770            BX               LR
  571 0000001A         
  572 0000001A         
  573 0000001A         
  574 0000001A         ;*******************************************************
                       ***********************
  575 0000001A         ;
  576 0000001A         ; Make sure the end of this section is aligned.
  577 0000001A         ;
  578 0000001A         ;*******************************************************
                       ***********************
  579 0000001A 00 00           ALIGN
  580 0000001C         
  581 0000001C         ;*******************************************************
                       ***********************
  582 0000001C         ;
  583 0000001C         ; Tell the assembler that we're done.
  584 0000001C         ;
  585 0000001C         ;*******************************************************
                       ***********************
  586 0000001C                 END
Command Line: --debug --xref --diag_suppress=9931 --cpu=Cortex-M4.fp --apcs=int



ARM Macro Assembler    Page 16 


erwork --depend=.\objects\startup.d -o.\objects\startup.o -IC:\Users\DAELN\Down
loads\GPIO1\RTE -IC:\Keil_v5\ARM\PACK\Keil\TM4C_DFP\1.1.0\Device\Include\TM4C12
9 -IC:\Keil_v5\ARM\CMSIS\Include --predefine="__EVAL SETA 1" --predefine="__UVI
SION_VERSION SETA 518" --predefine="TM4C1294NCPDT SETA 1" --list=.\listings\sta
rtup.lst startup.s



ARM Macro Assembler    Page 1 Alphabetic symbol ordering
Relocatable symbols

STACK 00000000

Symbol: STACK
   Definitions
      At line 44 in file startup.s
   Uses
      None
Comment: STACK unused
StackMem 00000000

Symbol: StackMem
   Definitions
      At line 45 in file startup.s
   Uses
      At line 82 in file startup.s
Comment: StackMem used once
__initial_sp 00000400

Symbol: __initial_sp
   Definitions
      At line 47 in file startup.s
   Uses
      None
Comment: __initial_sp unused
3 symbols



ARM Macro Assembler    Page 1 Alphabetic symbol ordering
Relocatable symbols

HEAP 00000000

Symbol: HEAP
   Definitions
      At line 54 in file startup.s
   Uses
      None
Comment: HEAP unused
HeapMem 00000000

Symbol: HeapMem
   Definitions
      At line 56 in file startup.s
   Uses
      None
Comment: HeapMem unused
__heap_base 00000000

Symbol: __heap_base
   Definitions
      At line 55 in file startup.s
   Uses
      None
Comment: __heap_base unused
__heap_limit 00000000

Symbol: __heap_limit
   Definitions
      At line 58 in file startup.s
   Uses
      None
Comment: __heap_limit unused
4 symbols



ARM Macro Assembler    Page 1 Alphabetic symbol ordering
Relocatable symbols

ADC0Seq0_Handler 0000021E

Symbol: ADC0Seq0_Handler
   Definitions
      At line 418 in file startup.s
   Uses
      At line 112 in file startup.s
      At line 320 in file startup.s

ADC0Seq1_Handler 0000021E

Symbol: ADC0Seq1_Handler
   Definitions
      At line 419 in file startup.s
   Uses
      At line 113 in file startup.s
      At line 321 in file startup.s

ADC0Seq2_Handler 0000021E

Symbol: ADC0Seq2_Handler
   Definitions
      At line 420 in file startup.s
   Uses
      At line 114 in file startup.s
      At line 322 in file startup.s

ADC0Seq3_Handler 0000021E

Symbol: ADC0Seq3_Handler
   Definitions
      At line 421 in file startup.s
   Uses
      At line 115 in file startup.s
      At line 323 in file startup.s

ADC1Seq0_Handler 0000021E

Symbol: ADC1Seq0_Handler
   Definitions
      At line 450 in file startup.s
   Uses
      At line 144 in file startup.s
      At line 352 in file startup.s

ADC1Seq1_Handler 0000021E

Symbol: ADC1Seq1_Handler
   Definitions
      At line 451 in file startup.s
   Uses
      At line 145 in file startup.s
      At line 353 in file startup.s

ADC1Seq2_Handler 0000021E

Symbol: ADC1Seq2_Handler
   Definitions
      At line 452 in file startup.s



ARM Macro Assembler    Page 2 Alphabetic symbol ordering
Relocatable symbols

   Uses
      At line 146 in file startup.s
      At line 354 in file startup.s

ADC1Seq3_Handler 0000021E

Symbol: ADC1Seq3_Handler
   Definitions
      At line 453 in file startup.s
   Uses
      At line 147 in file startup.s
      At line 355 in file startup.s

BusFault_Handler 00000212

Symbol: BusFault_Handler
   Definitions
      At line 277 in file startup.s
   Uses
      At line 87 in file startup.s
      At line 278 in file startup.s

CAN0_Handler 0000021E

Symbol: CAN0_Handler
   Definitions
      At line 442 in file startup.s
   Uses
      At line 136 in file startup.s
      At line 344 in file startup.s

CAN1_Handler 0000021E

Symbol: CAN1_Handler
   Definitions
      At line 443 in file startup.s
   Uses
      At line 137 in file startup.s
      At line 345 in file startup.s

Comp0_Handler 0000021E

Symbol: Comp0_Handler
   Definitions
      At line 429 in file startup.s
   Uses
      At line 123 in file startup.s
      At line 331 in file startup.s

Comp1_Handler 0000021E

Symbol: Comp1_Handler
   Definitions
      At line 430 in file startup.s
   Uses
      At line 124 in file startup.s
      At line 332 in file startup.s

Comp2_Handler 0000021E



ARM Macro Assembler    Page 3 Alphabetic symbol ordering
Relocatable symbols


Symbol: Comp2_Handler
   Definitions
      At line 431 in file startup.s
   Uses
      At line 125 in file startup.s
      At line 333 in file startup.s

DebugMon_Handler 00000218

Symbol: DebugMon_Handler
   Definitions
      At line 291 in file startup.s
   Uses
      At line 94 in file startup.s
      At line 292 in file startup.s

Ethernet_Handler 0000021E

Symbol: Ethernet_Handler
   Definitions
      At line 444 in file startup.s
   Uses
      At line 138 in file startup.s
      At line 346 in file startup.s

ExtBus_Handler 0000021E

Symbol: ExtBus_Handler
   Definitions
      At line 454 in file startup.s
   Uses
      At line 148 in file startup.s
      At line 356 in file startup.s

FPU_Handler 0000021E

Symbol: FPU_Handler
   Definitions
      At line 471 in file startup.s
   Uses
      At line 165 in file startup.s
      At line 373 in file startup.s

FlashCtl_Handler 0000021E

Symbol: FlashCtl_Handler
   Definitions
      At line 433 in file startup.s
   Uses
      At line 127 in file startup.s
      At line 335 in file startup.s

GPIOPortA_Handler 0000021E

Symbol: GPIOPortA_Handler
   Definitions
      At line 404 in file startup.s
   Uses



ARM Macro Assembler    Page 4 Alphabetic symbol ordering
Relocatable symbols

      At line 98 in file startup.s
      At line 306 in file startup.s

GPIOPortB_Handler 0000021E

Symbol: GPIOPortB_Handler
   Definitions
      At line 405 in file startup.s
   Uses
      At line 99 in file startup.s
      At line 307 in file startup.s

GPIOPortC_Handler 0000021E

Symbol: GPIOPortC_Handler
   Definitions
      At line 406 in file startup.s
   Uses
      At line 100 in file startup.s
      At line 308 in file startup.s

GPIOPortD_Handler 0000021E

Symbol: GPIOPortD_Handler
   Definitions
      At line 407 in file startup.s
   Uses
      At line 101 in file startup.s
      At line 309 in file startup.s

GPIOPortE_Handler 0000021E

Symbol: GPIOPortE_Handler
   Definitions
      At line 408 in file startup.s
   Uses
      At line 102 in file startup.s
      At line 310 in file startup.s

GPIOPortF_Handler 0000021E

Symbol: GPIOPortF_Handler
   Definitions
      At line 434 in file startup.s
   Uses
      At line 128 in file startup.s
      At line 336 in file startup.s

GPIOPortG_Handler 0000021E

Symbol: GPIOPortG_Handler
   Definitions
      At line 435 in file startup.s
   Uses
      At line 129 in file startup.s
      At line 337 in file startup.s

GPIOPortH_Handler 0000021E




ARM Macro Assembler    Page 5 Alphabetic symbol ordering
Relocatable symbols

Symbol: GPIOPortH_Handler
   Definitions
      At line 436 in file startup.s
   Uses
      At line 130 in file startup.s
      At line 338 in file startup.s

GPIOPortJ_Handler 0000021E

Symbol: GPIOPortJ_Handler
   Definitions
      At line 455 in file startup.s
   Uses
      At line 149 in file startup.s
      At line 357 in file startup.s

GPIOPortK_Handler 0000021E

Symbol: GPIOPortK_Handler
   Definitions
      At line 456 in file startup.s
   Uses
      At line 150 in file startup.s
      At line 358 in file startup.s

GPIOPortL_Handler 0000021E

Symbol: GPIOPortL_Handler
   Definitions
      At line 457 in file startup.s
   Uses
      At line 151 in file startup.s
      At line 359 in file startup.s

GPIOPortM_Handler 0000021E

Symbol: GPIOPortM_Handler
   Definitions
      At line 474 in file startup.s
   Uses
      At line 170 in file startup.s
      At line 376 in file startup.s

GPIOPortN_Handler 0000021E

Symbol: GPIOPortN_Handler
   Definitions
      At line 475 in file startup.s
   Uses
      At line 171 in file startup.s
      At line 377 in file startup.s

GPIOPortP1_Handler 0000021E

Symbol: GPIOPortP1_Handler
   Definitions
      At line 478 in file startup.s
   Uses
      At line 175 in file startup.s



ARM Macro Assembler    Page 6 Alphabetic symbol ordering
Relocatable symbols

      At line 380 in file startup.s

GPIOPortP2_Handler 0000021E

Symbol: GPIOPortP2_Handler
   Definitions
      At line 479 in file startup.s
   Uses
      At line 176 in file startup.s
      At line 381 in file startup.s

GPIOPortP3_Handler 0000021E

Symbol: GPIOPortP3_Handler
   Definitions
      At line 480 in file startup.s
   Uses
      At line 177 in file startup.s
      At line 382 in file startup.s

GPIOPortP4_Handler 0000021E

Symbol: GPIOPortP4_Handler
   Definitions
      At line 481 in file startup.s
   Uses
      At line 178 in file startup.s
      At line 383 in file startup.s

GPIOPortP5_Handler 0000021E

Symbol: GPIOPortP5_Handler
   Definitions
      At line 482 in file startup.s
   Uses
      At line 179 in file startup.s
      At line 384 in file startup.s

GPIOPortP6_Handler 0000021E

Symbol: GPIOPortP6_Handler
   Definitions
      At line 483 in file startup.s
   Uses
      At line 180 in file startup.s
      At line 385 in file startup.s

GPIOPortP7_Handler 0000021E

Symbol: GPIOPortP7_Handler
   Definitions
      At line 484 in file startup.s
   Uses
      At line 181 in file startup.s
      At line 386 in file startup.s

GPIOPortP_Handler 0000021E

Symbol: GPIOPortP_Handler



ARM Macro Assembler    Page 7 Alphabetic symbol ordering
Relocatable symbols

   Definitions
      At line 477 in file startup.s
   Uses
      At line 174 in file startup.s
      At line 379 in file startup.s

GPIOPortQ1_Handler 0000021E

Symbol: GPIOPortQ1_Handler
   Definitions
      At line 486 in file startup.s
   Uses
      At line 183 in file startup.s
      At line 388 in file startup.s

GPIOPortQ2_Handler 0000021E

Symbol: GPIOPortQ2_Handler
   Definitions
      At line 487 in file startup.s
   Uses
      At line 184 in file startup.s
      At line 389 in file startup.s

GPIOPortQ3_Handler 0000021E

Symbol: GPIOPortQ3_Handler
   Definitions
      At line 488 in file startup.s
   Uses
      At line 185 in file startup.s
      At line 390 in file startup.s

GPIOPortQ4_Handler 0000021E

Symbol: GPIOPortQ4_Handler
   Definitions
      At line 489 in file startup.s
   Uses
      At line 186 in file startup.s
      At line 391 in file startup.s

GPIOPortQ5_Handler 0000021E

Symbol: GPIOPortQ5_Handler
   Definitions
      At line 490 in file startup.s
   Uses
      At line 187 in file startup.s
      At line 392 in file startup.s

GPIOPortQ6_Handler 0000021E

Symbol: GPIOPortQ6_Handler
   Definitions
      At line 491 in file startup.s
   Uses
      At line 188 in file startup.s
      At line 393 in file startup.s



ARM Macro Assembler    Page 8 Alphabetic symbol ordering
Relocatable symbols


GPIOPortQ7_Handler 0000021E

Symbol: GPIOPortQ7_Handler
   Definitions
      At line 492 in file startup.s
   Uses
      At line 189 in file startup.s
      At line 394 in file startup.s

GPIOPortQ_Handler 0000021E

Symbol: GPIOPortQ_Handler
   Definitions
      At line 485 in file startup.s
   Uses
      At line 182 in file startup.s
      At line 387 in file startup.s

HardFault_Handler 0000020E

Symbol: HardFault_Handler
   Definitions
      At line 266 in file startup.s
   Uses
      At line 85 in file startup.s
      At line 267 in file startup.s

Hibernate_Handler 0000021E

Symbol: Hibernate_Handler
   Definitions
      At line 445 in file startup.s
   Uses
      At line 139 in file startup.s
      At line 347 in file startup.s

I2C0_Handler 0000021E

Symbol: I2C0_Handler
   Definitions
      At line 412 in file startup.s
   Uses
      At line 106 in file startup.s
      At line 314 in file startup.s

I2C1_Handler 0000021E

Symbol: I2C1_Handler
   Definitions
      At line 441 in file startup.s
   Uses
      At line 135 in file startup.s
      At line 343 in file startup.s

I2C2_Handler 0000021E

Symbol: I2C2_Handler
   Definitions



ARM Macro Assembler    Page 9 Alphabetic symbol ordering
Relocatable symbols

      At line 465 in file startup.s
   Uses
      At line 159 in file startup.s
      At line 367 in file startup.s

I2C3_Handler 0000021E

Symbol: I2C3_Handler
   Definitions
      At line 466 in file startup.s
   Uses
      At line 160 in file startup.s
      At line 368 in file startup.s

I2C4_Handler 0000021E

Symbol: I2C4_Handler
   Definitions
      At line 472 in file startup.s
   Uses
      At line 168 in file startup.s
      At line 374 in file startup.s

I2C5_Handler 0000021E

Symbol: I2C5_Handler
   Definitions
      At line 473 in file startup.s
   Uses
      At line 169 in file startup.s
      At line 375 in file startup.s

I2C6_Handler 0000021E

Symbol: I2C6_Handler
   Definitions
      At line 497 in file startup.s
   Uses
      At line 200 in file startup.s
      At line 399 in file startup.s

I2C7_Handler 0000021E

Symbol: I2C7_Handler
   Definitions
      At line 498 in file startup.s
   Uses
      At line 201 in file startup.s
      At line 400 in file startup.s

I2C8_Handler 0000021E

Symbol: I2C8_Handler
   Definitions
      At line 499 in file startup.s
   Uses
      At line 207 in file startup.s
      At line 401 in file startup.s




ARM Macro Assembler    Page 10 Alphabetic symbol ordering
Relocatable symbols

I2C9_Handler 0000021E

Symbol: I2C9_Handler
   Definitions
      At line 500 in file startup.s
   Uses
      At line 208 in file startup.s
      At line 402 in file startup.s

IntDefaultHandler 0000021E

Symbol: IntDefaultHandler
   Definitions
      At line 304 in file startup.s
   Uses
      None
Comment: IntDefaultHandler unused
MemManage_Handler 00000210

Symbol: MemManage_Handler
   Definitions
      At line 272 in file startup.s
   Uses
      At line 86 in file startup.s
      At line 273 in file startup.s

NMI_Handler 0000020C

Symbol: NMI_Handler
   Definitions
      At line 253 in file startup.s
   Uses
      At line 84 in file startup.s
      At line 254 in file startup.s

PWM0Fault_Handler 0000021E

Symbol: PWM0Fault_Handler
   Definitions
      At line 413 in file startup.s
   Uses
      At line 107 in file startup.s
      At line 315 in file startup.s

PWM0Generator0_Handler 0000021E

Symbol: PWM0Generator0_Handler
   Definitions
      At line 414 in file startup.s
   Uses
      At line 108 in file startup.s
      At line 316 in file startup.s

PWM0Generator1_Handler 0000021E

Symbol: PWM0Generator1_Handler
   Definitions
      At line 415 in file startup.s
   Uses



ARM Macro Assembler    Page 11 Alphabetic symbol ordering
Relocatable symbols

      At line 109 in file startup.s
      At line 317 in file startup.s

PWM0Generator2_Handler 0000021E

Symbol: PWM0Generator2_Handler
   Definitions
      At line 416 in file startup.s
   Uses
      At line 110 in file startup.s
      At line 318 in file startup.s

PWM0Generator3_Handler 0000021E

Symbol: PWM0Generator3_Handler
   Definitions
      At line 447 in file startup.s
   Uses
      At line 141 in file startup.s
      At line 349 in file startup.s

PendSV_Handler 0000021A

Symbol: PendSV_Handler
   Definitions
      At line 295 in file startup.s
   Uses
      At line 96 in file startup.s
      At line 296 in file startup.s

Quadrature0_Handler 0000021E

Symbol: Quadrature0_Handler
   Definitions
      At line 417 in file startup.s
   Uses
      At line 111 in file startup.s
      At line 319 in file startup.s

RESET 00000000

Symbol: RESET
   Definitions
      At line 72 in file startup.s
   Uses
      None
Comment: RESET unused
Reset_Handler 00000208

Symbol: Reset_Handler
   Definitions
      At line 220 in file startup.s
   Uses
      At line 83 in file startup.s
      At line 219 in file startup.s

SSI0_Handler 0000021E

Symbol: SSI0_Handler



ARM Macro Assembler    Page 12 Alphabetic symbol ordering
Relocatable symbols

   Definitions
      At line 411 in file startup.s
   Uses
      At line 105 in file startup.s
      At line 313 in file startup.s

SSI1_Handler 0000021E

Symbol: SSI1_Handler
   Definitions
      At line 438 in file startup.s
   Uses
      At line 132 in file startup.s
      At line 340 in file startup.s

SSI2_Handler 0000021E

Symbol: SSI2_Handler
   Definitions
      At line 458 in file startup.s
   Uses
      At line 152 in file startup.s
      At line 360 in file startup.s

SSI3_Handler 0000021E

Symbol: SSI3_Handler
   Definitions
      At line 459 in file startup.s
   Uses
      At line 153 in file startup.s
      At line 361 in file startup.s

SVC_Handler 00000216

Symbol: SVC_Handler
   Definitions
      At line 286 in file startup.s
   Uses
      At line 93 in file startup.s
      At line 287 in file startup.s

SysCtl_Handler 0000021E

Symbol: SysCtl_Handler
   Definitions
      At line 432 in file startup.s
   Uses
      At line 126 in file startup.s
      At line 334 in file startup.s

SysTick_Handler 0000021C

Symbol: SysTick_Handler
   Definitions
      At line 299 in file startup.s
   Uses
      At line 97 in file startup.s
      At line 300 in file startup.s



ARM Macro Assembler    Page 13 Alphabetic symbol ordering
Relocatable symbols


Tamper_Handler 0000021E

Symbol: Tamper_Handler
   Definitions
      At line 476 in file startup.s
   Uses
      At line 173 in file startup.s
      At line 378 in file startup.s

Timer0A_Handler 0000021E

Symbol: Timer0A_Handler
   Definitions
      At line 423 in file startup.s
   Uses
      At line 117 in file startup.s
      At line 325 in file startup.s

Timer0B_Handler 0000021E

Symbol: Timer0B_Handler
   Definitions
      At line 424 in file startup.s
   Uses
      At line 118 in file startup.s
      At line 326 in file startup.s

Timer1A_Handler 0000021E

Symbol: Timer1A_Handler
   Definitions
      At line 425 in file startup.s
   Uses
      At line 119 in file startup.s
      At line 327 in file startup.s

Timer1B_Handler 0000021E

Symbol: Timer1B_Handler
   Definitions
      At line 426 in file startup.s
   Uses
      At line 120 in file startup.s
      At line 328 in file startup.s

Timer2A_Handler 0000021E

Symbol: Timer2A_Handler
   Definitions
      At line 427 in file startup.s
   Uses
      At line 121 in file startup.s
      At line 329 in file startup.s

Timer2B_Handler 0000021E

Symbol: Timer2B_Handler
   Definitions



ARM Macro Assembler    Page 14 Alphabetic symbol ordering
Relocatable symbols

      At line 428 in file startup.s
   Uses
      At line 122 in file startup.s
      At line 330 in file startup.s

Timer3A_Handler 0000021E

Symbol: Timer3A_Handler
   Definitions
      At line 439 in file startup.s
   Uses
      At line 133 in file startup.s
      At line 341 in file startup.s

Timer3B_Handler 0000021E

Symbol: Timer3B_Handler
   Definitions
      At line 440 in file startup.s
   Uses
      At line 134 in file startup.s
      At line 342 in file startup.s

Timer4A_Handler 0000021E

Symbol: Timer4A_Handler
   Definitions
      At line 467 in file startup.s
   Uses
      At line 161 in file startup.s
      At line 369 in file startup.s

Timer4B_Handler 0000021E

Symbol: Timer4B_Handler
   Definitions
      At line 468 in file startup.s
   Uses
      At line 162 in file startup.s
      At line 370 in file startup.s

Timer5A_Handler 0000021E

Symbol: Timer5A_Handler
   Definitions
      At line 469 in file startup.s
   Uses
      At line 163 in file startup.s
      At line 371 in file startup.s

Timer5B_Handler 0000021E

Symbol: Timer5B_Handler
   Definitions
      At line 470 in file startup.s
   Uses
      At line 164 in file startup.s
      At line 372 in file startup.s




ARM Macro Assembler    Page 15 Alphabetic symbol ordering
Relocatable symbols

Timer6A_Handler 0000021E

Symbol: Timer6A_Handler
   Definitions
      At line 493 in file startup.s
   Uses
      At line 196 in file startup.s
      At line 395 in file startup.s

Timer6B_Handler 0000021E

Symbol: Timer6B_Handler
   Definitions
      At line 494 in file startup.s
   Uses
      At line 197 in file startup.s
      At line 396 in file startup.s

Timer7A_Handler 0000021E

Symbol: Timer7A_Handler
   Definitions
      At line 495 in file startup.s
   Uses
      At line 198 in file startup.s
      At line 397 in file startup.s

Timer7B_Handler 0000021E

Symbol: Timer7B_Handler
   Definitions
      At line 496 in file startup.s
   Uses
      At line 199 in file startup.s
      At line 398 in file startup.s

UART0_Handler 0000021E

Symbol: UART0_Handler
   Definitions
      At line 409 in file startup.s
   Uses
      At line 103 in file startup.s
      At line 311 in file startup.s

UART1_Handler 0000021E

Symbol: UART1_Handler
   Definitions
      At line 410 in file startup.s
   Uses
      At line 104 in file startup.s
      At line 312 in file startup.s

UART2_Handler 0000021E

Symbol: UART2_Handler
   Definitions
      At line 437 in file startup.s



ARM Macro Assembler    Page 16 Alphabetic symbol ordering
Relocatable symbols

   Uses
      At line 131 in file startup.s
      At line 339 in file startup.s

UART3_Handler 0000021E

Symbol: UART3_Handler
   Definitions
      At line 460 in file startup.s
   Uses
      At line 154 in file startup.s
      At line 362 in file startup.s

UART4_Handler 0000021E

Symbol: UART4_Handler
   Definitions
      At line 461 in file startup.s
   Uses
      At line 155 in file startup.s
      At line 363 in file startup.s

UART5_Handler 0000021E

Symbol: UART5_Handler
   Definitions
      At line 462 in file startup.s
   Uses
      At line 156 in file startup.s
      At line 364 in file startup.s

UART6_Handler 0000021E

Symbol: UART6_Handler
   Definitions
      At line 463 in file startup.s
   Uses
      At line 157 in file startup.s
      At line 365 in file startup.s

UART7_Handler 0000021E

Symbol: UART7_Handler
   Definitions
      At line 464 in file startup.s
   Uses
      At line 158 in file startup.s
      At line 366 in file startup.s

USB0_Handler 0000021E

Symbol: USB0_Handler
   Definitions
      At line 446 in file startup.s
   Uses
      At line 140 in file startup.s
      At line 348 in file startup.s

UsageFault_Handler 00000214



ARM Macro Assembler    Page 17 Alphabetic symbol ordering
Relocatable symbols


Symbol: UsageFault_Handler
   Definitions
      At line 282 in file startup.s
   Uses
      At line 88 in file startup.s
      At line 283 in file startup.s

WDT_Handler 0000021E

Symbol: WDT_Handler
   Definitions
      At line 422 in file startup.s
   Uses
      At line 116 in file startup.s
      At line 324 in file startup.s

__Vectors 00000000

Symbol: __Vectors
   Definitions
      At line 81 in file startup.s
   Uses
      At line 80 in file startup.s
Comment: __Vectors used once
uDMA_Error 0000021E

Symbol: uDMA_Error
   Definitions
      At line 449 in file startup.s
   Uses
      At line 143 in file startup.s
      At line 351 in file startup.s

uDMA_Handler 0000021E

Symbol: uDMA_Handler
   Definitions
      At line 448 in file startup.s
   Uses
      At line 142 in file startup.s
      At line 350 in file startup.s

110 symbols



ARM Macro Assembler    Page 1 Alphabetic symbol ordering
Relocatable symbols

.text 00000000

Symbol: .text
   Definitions
      At line 518 in file startup.s
   Uses
      None
Comment: .text unused
DisableInterrupts 00000000

Symbol: DisableInterrupts
   Definitions
      At line 535 in file startup.s
   Uses
      At line 525 in file startup.s
Comment: DisableInterrupts used once
EnableInterrupts 00000004

Symbol: EnableInterrupts
   Definitions
      At line 543 in file startup.s
   Uses
      At line 526 in file startup.s
Comment: EnableInterrupts used once
EndCritical 00000010

Symbol: EndCritical
   Definitions
      At line 560 in file startup.s
   Uses
      At line 528 in file startup.s
Comment: EndCritical used once
StartCritical 00000008

Symbol: StartCritical
   Definitions
      At line 551 in file startup.s
   Uses
      At line 527 in file startup.s
Comment: StartCritical used once
WaitForInterrupt 00000016

Symbol: WaitForInterrupt
   Definitions
      At line 568 in file startup.s
   Uses
      At line 529 in file startup.s
Comment: WaitForInterrupt used once
6 symbols



ARM Macro Assembler    Page 1 Alphabetic symbol ordering
Absolute symbols

Heap 00000000

Symbol: Heap
   Definitions
      At line 37 in file startup.s
   Uses
      At line 57 in file startup.s
Comment: Heap used once
Stack 00000400

Symbol: Stack
   Definitions
      At line 30 in file startup.s
   Uses
      At line 46 in file startup.s
      At line 82 in file startup.s

2 symbols



ARM Macro Assembler    Page 1 Alphabetic symbol ordering
External symbols

Start 00000000

Symbol: Start
   Definitions
      At line 243 in file startup.s
   Uses
      At line 244 in file startup.s
Comment: Start used once
1 symbol
460 symbols in table
